<?xml version="1.0" encoding="UTF-8"?>
<!-- Generated by org.testng.reporters.JUnitReportReporter -->
<testsuite hostname="nazmusnafis" failures="0" tests="1" name="leaforg_automation.ParticipantDetails" time="28.226" errors="0" timestamp="2025-06-22T21:21:39 CEST" skipped="0">
  <testcase classname="leaforg_automation.ParticipantDetails" name="participantDetailsUpdate" time="28.226"/>
</testsuite> <!-- leaforg_automation.ParticipantDetails -->
