<?xml version="1.0" encoding="UTF-8"?>
<!-- Generated by org.testng.reporters.JUnitReportReporter -->
<testsuite hostname="nazmusnafis" failures="0" tests="1" name="leaforg_automation.ForgetPassword" time="21.210" errors="0" timestamp="2025-06-24T16:17:15 CEST" skipped="0">
  <testcase classname="leaforg_automation.ForgetPassword" name="forgetPassword" time="21.210"/>
</testsuite> <!-- leaforg_automation.ForgetPassword -->
