<?xml version="1.0" encoding="UTF-8"?>
<!-- Generated by org.testng.reporters.JUnitReportReporter -->
<testsuite hostname="nazmusnafis" failures="0" tests="1" name="leaforg_automation.Registration" time="31.451" errors="0" timestamp="2025-06-22T17:20:52 CEST" skipped="0">
  <testcase classname="leaforg_automation.Registration" name="registration" time="31.451"/>
</testsuite> <!-- leaforg_automation.Registration -->
