<?xml version="1.0" encoding="UTF-8"?>
<!-- Generated by org.testng.reporters.JUnitReportReporter -->
<testsuite hostname="nazmusnafis" failures="0" tests="1" name="leaforg_automation.AppiumBasics" time="17.179" errors="0" timestamp="2025-06-21T12:43:02 CEST" skipped="0">
  <testcase classname="leaforg_automation.AppiumBasics" name="AppiumTest" time="17.179"/>
</testsuite> <!-- leaforg_automation.AppiumBasics -->
