<?xml version="1.0" encoding="UTF-8"?>
<!-- Generated by org.testng.reporters.JUnitReportReporter -->
<testsuite hostname="nazmusnafis" failures="0" tests="1" name="leaforg_automation.LogIn" time="17.033" errors="0" timestamp="2025-06-22T17:01:35 CEST" skipped="0">
  <testcase classname="leaforg_automation.LogIn" name="AppiumTest" time="17.033"/>
</testsuite> <!-- leaforg_automation.LogIn -->
