<?xml version="1.0" encoding="UTF-8"?>
<!-- Generated by org.testng.reporters.JUnitReportReporter -->
<testsuite hostname="nazmusnafis" failures="0" tests="1" name="leaforg_automation.PasswordReset" time="17.239" errors="0" timestamp="2025-06-21T20:46:46 CEST" skipped="0">
  <testcase classname="leaforg_automation.PasswordReset" name="passwordResetTest" time="17.239"/>
</testsuite> <!-- leaforg_automation.PasswordReset -->
