<?xml version="1.0" encoding="UTF-8"?>
<!-- Generated by org.testng.reporters.JUnitReportReporter -->
<testsuite hostname="nazmusnafis" failures="0" tests="2" name="leaforg_automation.Registration" time="50.794" errors="2" timestamp="2025-06-26T12:47:05 CEST" skipped="0">
  <testcase classname="leaforg_automation.Registration" name="registrationWithInvalidInput" time="27.296">
    <error message="Can&#039;t locate an element by this strategy: By.chained({By.xpath: //android.webkit.WebView[@text=&quot;Personal Info&quot;]/android.view.View/android.view.View/android.view.View/android.view.View/android.view.View[2]/android.view.View[2]/android.view.View/android.view.View/android.view.View[3]/android.view.View/android.view.View/android.view.View/android.widget.EditText})" type="org.openqa.selenium.NoSuchElementException">
      <![CDATA[org.openqa.selenium.NoSuchElementException: Can't locate an element by this strategy: By.chained({By.xpath: //android.webkit.WebView[@text="Personal Info"]/android.view.View/android.view.View/android.view.View/android.view.View/android.view.View[2]/android.view.View[2]/android.view.View/android.view.View/android.view.View[3]/android.view.View/android.view.View/android.view.View/android.widget.EditText})
at io.appium.java_client.pagefactory.AppiumElementLocator.findElement(AppiumElementLocator.java:166)
at io.appium.java_client.pagefactory.interceptors.InterceptorOfASingleElement.call(InterceptorOfASingleElement.java:75)
at io.appium.java_client.proxy.Interceptor.intercept(Interceptor.java:78)
at org.openqa.selenium.remote.RemoteWebElement$ByteBuddy$s2XIBJDL.sendKeys(Unknown Source)
at leaforg_automation.pageObjects.android.RegistrationPage.inputEmail(RegistrationPage.java:101)
at leaforg_automation.Registration.registrationWithInvalidInput(Registration.java:70)
at java.base/jdk.internal.reflect.DirectMethodHandleAccessor.invoke(DirectMethodHandleAccessor.java:103)
at java.base/java.lang.reflect.Method.invoke(Method.java:580)
at org.testng.internal.invokers.MethodInvocationHelper.invokeMethod(MethodInvocationHelper.java:141)
at org.testng.internal.invokers.TestInvoker.invokeMethod(TestInvoker.java:687)
at org.testng.internal.invokers.TestInvoker.invokeTestMethod(TestInvoker.java:230)
at org.testng.internal.invokers.MethodRunner.runInSequence(MethodRunner.java:63)
at org.testng.internal.invokers.TestInvoker$MethodInvocationAgent.invoke(TestInvoker.java:995)
at org.testng.internal.invokers.TestInvoker.invokeTestMethods(TestInvoker.java:203)
at org.testng.internal.invokers.TestMethodWorker.invokeTestMethods(TestMethodWorker.java:154)
at org.testng.internal.invokers.TestMethodWorker.run(TestMethodWorker.java:134)
at java.base/java.util.ArrayList.forEach(ArrayList.java:1596)
at org.testng.TestRunner.privateRun(TestRunner.java:741)
at org.testng.TestRunner.run(TestRunner.java:616)
at org.testng.SuiteRunner.runTest(SuiteRunner.java:421)
at org.testng.SuiteRunner.runSequentially(SuiteRunner.java:413)
at org.testng.SuiteRunner.privateRun(SuiteRunner.java:373)
at org.testng.SuiteRunner.run(SuiteRunner.java:312)
at org.testng.SuiteRunnerWorker.runSuite(SuiteRunnerWorker.java:52)
at org.testng.SuiteRunnerWorker.run(SuiteRunnerWorker.java:95)
at org.testng.TestNG.runSuitesSequentially(TestNG.java:1274)
at org.testng.TestNG.runSuitesLocally(TestNG.java:1208)
at org.testng.TestNG.runSuites(TestNG.java:1112)
at org.testng.TestNG.run(TestNG.java:1079)
at org.testng.remote.AbstractRemoteTestNG.run(AbstractRemoteTestNG.java:115)
at org.testng.remote.RemoteTestNG.initAndRun(RemoteTestNG.java:293)
at org.testng.remote.RemoteTestNG.main(RemoteTestNG.java:91)
Caused by: org.openqa.selenium.TimeoutException: Expected condition failed: waiting for io.appium.java_client.pagefactory.AppiumElementLocator$WaitingFunction@53aa2fc9 (tried for 1 second(s) with 500 milliseconds interval)
at org.openqa.selenium.support.ui.FluentWait.timeoutException(FluentWait.java:265)
at org.openqa.selenium.support.ui.FluentWait.until(FluentWait.java:228)
at io.appium.java_client.pagefactory.AppiumElementLocator.waitFor(AppiumElementLocator.java:135)
at io.appium.java_client.pagefactory.AppiumElementLocator.findElement(AppiumElementLocator.java:160)
... 31 more
Caused by: org.openqa.selenium.NoSuchElementException: Cannot locate an element using By.chained({By.xpath: //android.webkit.WebView[@text="Personal Info"]/android.view.View/android.view.View/android.view.View/android.view.View/android.view.View[2]/android.view.View[2]/android.view.View/android.view.View/android.view.View[3]/android.view.View/android.view.View/android.view.View/android.widget.EditText})
For documentation on this error, please visit: https://www.selenium.dev/documentation/webdriver/troubleshooting/errors#no-such-element-exception
Build info: version: '4.33.0', revision: '2c6aaad03a'
System info: os.name: 'Mac OS X', os.arch: 'x86_64', os.version: '15.5', java.version: '21.0.7'
Driver info: driver.version: RemoteWebDriver
at io.appium.java_client.pagefactory.bys.builder.ByChained.findElement(ByChained.java:74)
at org.openqa.selenium.remote.ElementLocation$ElementFinder$1.findElement(ElementLocation.java:139)
at org.openqa.selenium.remote.ElementLocation.findElement(ElementLocation.java:59)
at org.openqa.selenium.remote.RemoteWebDriver.findElement(RemoteWebDriver.java:367)
at org.openqa.selenium.remote.RemoteWebDriver.findElement(RemoteWebDriver.java:361)
at io.appium.java_client.pagefactory.bys.ContentMappedBy.findElement(ContentMappedBy.java:54)
at org.openqa.selenium.remote.ElementLocation$ElementFinder$1.findElement(ElementLocation.java:139)
at org.openqa.selenium.remote.ElementLocation.findElement(ElementLocation.java:59)
at org.openqa.selenium.remote.RemoteWebDriver.findElement(RemoteWebDriver.java:367)
at org.openqa.selenium.remote.RemoteWebDriver.findElement(RemoteWebDriver.java:361)
at io.appium.java_client.pagefactory.AppiumElementLocator.lambda$findElement$1(AppiumElementLocator.java:160)
at io.appium.java_client.pagefactory.AppiumElementLocator$WaitingFunction.apply(AppiumElementLocator.java:217)
at io.appium.java_client.pagefactory.AppiumElementLocator$WaitingFunction.apply(AppiumElementLocator.java:210)
at org.openqa.selenium.support.ui.FluentWait.until(FluentWait.java:203)
... 33 more
]]>
    </error>
  </testcase> <!-- registrationWithInvalidInput -->
  <testcase classname="leaforg_automation.Registration" name="registration" time="23.498">
    <error message="An unknown server-side error occurred while processing the command. Original error: &#039;POST /element&#039; cannot be proxied to UiAutomator2 server because the instrumentation process is not running (probably crashed). Check the server log and/or the logcat output for more details
Build info: version: &#039;4.33.0&#039;, revision: &#039;2c6aaad03a&#039;
System info: os.name: &#039;Mac OS X&#039;, os.arch: &#039;x86_64&#039;, os.version: &#039;15.5&#039;, java.version: &#039;21.0.7&#039;
Driver info: io.appium.java_client.android.AndroidDriver
Command: [37b7e937-49f4-4e98-afb5-e14c0d9343e6, findElement {value=//android.webkit.WebView[@text=&quot;Personal Info&quot;]/android.view.View/android.view.View/android.view.View/android.view.View/android.view.View[2]/android.view.View[2]/android.view.View/android.view.View/android.view.View[3]/android.view.View/android.view.View/android.view.View/android.widget.EditText, using=xpath}]
Capabilities {appium:app: /Users/zarintasnim/git/repo..., appium:appActivity: com.testleaf.leaforg.MainAc..., appium:appPackage: com.testleaf.leaforg, appium:autoGrantPermissions: true, appium:automationName: UIAutomator2, appium:databaseEnabled: false, appium:desired: {app: /Users/zarintasnim/git/repo..., autoGrantPermissions: true, automationName: UIAutomator2, deviceName: TestDevice API 36, disableWindowAnimation: true, platformName: ANDROID}, appium:deviceApiLevel: 36, appium:deviceManufacturer: Google, appium:deviceModel: sdk_gphone64_x86_64, appium:deviceName: emulator-5554, appium:deviceScreenDensity: 420, appium:deviceScreenSize: 1080x2400, appium:deviceUDID: emulator-5554, appium:disableWindowAnimation: true, appium:javascriptEnabled: true, appium:locationContextEnabled: false, appium:networkConnectionEnabled: true, appium:pixelRatio: 2.625, appium:platformVersion: 16, appium:statBarHeight: 132, appium:takesScreenshot: true, appium:viewportRect: {height: 2268, left: 0, top: 132, width: 1080}, appium:warnings: {}, appium:webStorageEnabled: false, platformName: ANDROID}
Session ID: 37b7e937-49f4-4e98-afb5-e14c0d9343e6" type="org.openqa.selenium.WebDriverException">
      <![CDATA[org.openqa.selenium.WebDriverException: An unknown server-side error occurred while processing the command. Original error: 'POST /element' cannot be proxied to UiAutomator2 server because the instrumentation process is not running (probably crashed). Check the server log and/or the logcat output for more details
Build info: version: '4.33.0', revision: '2c6aaad03a'
System info: os.name: 'Mac OS X', os.arch: 'x86_64', os.version: '15.5', java.version: '21.0.7'
Driver info: io.appium.java_client.android.AndroidDriver
Command: [37b7e937-49f4-4e98-afb5-e14c0d9343e6, findElement {value=//android.webkit.WebView[@text="Personal Info"]/android.view.View/android.view.View/android.view.View/android.view.View/android.view.View[2]/android.view.View[2]/android.view.View/android.view.View/android.view.View[3]/android.view.View/android.view.View/android.view.View/android.widget.EditText, using=xpath}]
Capabilities {appium:app: /Users/zarintasnim/git/repo..., appium:appActivity: com.testleaf.leaforg.MainAc..., appium:appPackage: com.testleaf.leaforg, appium:autoGrantPermissions: true, appium:automationName: UIAutomator2, appium:databaseEnabled: false, appium:desired: {app: /Users/zarintasnim/git/repo..., autoGrantPermissions: true, automationName: UIAutomator2, deviceName: TestDevice API 36, disableWindowAnimation: true, platformName: ANDROID}, appium:deviceApiLevel: 36, appium:deviceManufacturer: Google, appium:deviceModel: sdk_gphone64_x86_64, appium:deviceName: emulator-5554, appium:deviceScreenDensity: 420, appium:deviceScreenSize: 1080x2400, appium:deviceUDID: emulator-5554, appium:disableWindowAnimation: true, appium:javascriptEnabled: true, appium:locationContextEnabled: false, appium:networkConnectionEnabled: true, appium:pixelRatio: 2.625, appium:platformVersion: 16, appium:statBarHeight: 132, appium:takesScreenshot: true, appium:viewportRect: {height: 2268, left: 0, top: 132, width: 1080}, appium:warnings: {}, appium:webStorageEnabled: false, platformName: ANDROID}
Session ID: 37b7e937-49f4-4e98-afb5-e14c0d9343e6
at java.base/jdk.internal.reflect.DirectConstructorHandleAccessor.newInstance(DirectConstructorHandleAccessor.java:62)
at java.base/java.lang.reflect.Constructor.newInstanceWithCaller(Constructor.java:502)
at java.base/java.lang.reflect.Constructor.newInstance(Constructor.java:486)
at org.openqa.selenium.remote.ErrorCodec.decode(ErrorCodec.java:167)
at org.openqa.selenium.remote.codec.w3c.W3CHttpResponseCodec.decode(W3CHttpResponseCodec.java:138)
at org.openqa.selenium.remote.codec.w3c.W3CHttpResponseCodec.decode(W3CHttpResponseCodec.java:50)
at org.openqa.selenium.remote.HttpCommandExecutor.execute(HttpCommandExecutor.java:215)
at io.appium.java_client.remote.AppiumCommandExecutor.execute(AppiumCommandExecutor.java:243)
at org.openqa.selenium.remote.RemoteWebDriver.execute(RemoteWebDriver.java:544)
at org.openqa.selenium.remote.ElementLocation$ElementFinder$2.findElement(ElementLocation.java:165)
at org.openqa.selenium.remote.ElementLocation.findElement(ElementLocation.java:59)
at org.openqa.selenium.remote.RemoteWebDriver.findElement(RemoteWebDriver.java:367)
at org.openqa.selenium.remote.RemoteWebDriver.findElement(RemoteWebDriver.java:361)
at io.appium.java_client.pagefactory.bys.builder.ByChained.lambda$getSearchingFunction$0(ByChained.java:41)
at org.openqa.selenium.support.ui.FluentWait.until(FluentWait.java:203)
at io.appium.java_client.pagefactory.bys.builder.ByChained.findElement(ByChained.java:72)
at org.openqa.selenium.remote.ElementLocation$ElementFinder$1.findElement(ElementLocation.java:139)
at org.openqa.selenium.remote.ElementLocation.findElement(ElementLocation.java:59)
at org.openqa.selenium.remote.RemoteWebDriver.findElement(RemoteWebDriver.java:367)
at org.openqa.selenium.remote.RemoteWebDriver.findElement(RemoteWebDriver.java:361)
at io.appium.java_client.pagefactory.bys.ContentMappedBy.findElement(ContentMappedBy.java:54)
at org.openqa.selenium.remote.ElementLocation$ElementFinder$1.findElement(ElementLocation.java:139)
at org.openqa.selenium.remote.ElementLocation.findElement(ElementLocation.java:59)
at org.openqa.selenium.remote.RemoteWebDriver.findElement(RemoteWebDriver.java:367)
at org.openqa.selenium.remote.RemoteWebDriver.findElement(RemoteWebDriver.java:361)
at io.appium.java_client.pagefactory.AppiumElementLocator.lambda$findElement$1(AppiumElementLocator.java:160)
at io.appium.java_client.pagefactory.AppiumElementLocator$WaitingFunction.apply(AppiumElementLocator.java:217)
at io.appium.java_client.pagefactory.AppiumElementLocator$WaitingFunction.apply(AppiumElementLocator.java:210)
at org.openqa.selenium.support.ui.FluentWait.until(FluentWait.java:203)
at io.appium.java_client.pagefactory.AppiumElementLocator.waitFor(AppiumElementLocator.java:135)
at io.appium.java_client.pagefactory.AppiumElementLocator.findElement(AppiumElementLocator.java:160)
at io.appium.java_client.pagefactory.interceptors.InterceptorOfASingleElement.call(InterceptorOfASingleElement.java:75)
at io.appium.java_client.proxy.Interceptor.intercept(Interceptor.java:78)
at org.openqa.selenium.remote.RemoteWebElement$ByteBuddy$5DNuonoK.click(Unknown Source)
at leaforg_automation.pageObjects.android.RegistrationPage.clickInputEmailField(RegistrationPage.java:97)
at leaforg_automation.Registration.registration(Registration.java:31)
at java.base/jdk.internal.reflect.DirectMethodHandleAccessor.invoke(DirectMethodHandleAccessor.java:103)
at java.base/java.lang.reflect.Method.invoke(Method.java:580)
at org.testng.internal.invokers.MethodInvocationHelper.invokeMethod(MethodInvocationHelper.java:141)
at org.testng.internal.invokers.TestInvoker.invokeMethod(TestInvoker.java:687)
at org.testng.internal.invokers.TestInvoker.invokeTestMethod(TestInvoker.java:230)
at org.testng.internal.invokers.MethodRunner.runInSequence(MethodRunner.java:63)
at org.testng.internal.invokers.TestInvoker$MethodInvocationAgent.invoke(TestInvoker.java:995)
at org.testng.internal.invokers.TestInvoker.invokeTestMethods(TestInvoker.java:203)
at org.testng.internal.invokers.TestMethodWorker.invokeTestMethods(TestMethodWorker.java:154)
at org.testng.internal.invokers.TestMethodWorker.run(TestMethodWorker.java:134)
at java.base/java.util.ArrayList.forEach(ArrayList.java:1596)
at org.testng.TestRunner.privateRun(TestRunner.java:741)
at org.testng.TestRunner.run(TestRunner.java:616)
at org.testng.SuiteRunner.runTest(SuiteRunner.java:421)
at org.testng.SuiteRunner.runSequentially(SuiteRunner.java:413)
at org.testng.SuiteRunner.privateRun(SuiteRunner.java:373)
at org.testng.SuiteRunner.run(SuiteRunner.java:312)
at org.testng.SuiteRunnerWorker.runSuite(SuiteRunnerWorker.java:52)
at org.testng.SuiteRunnerWorker.run(SuiteRunnerWorker.java:95)
at org.testng.TestNG.runSuitesSequentially(TestNG.java:1274)
at org.testng.TestNG.runSuitesLocally(TestNG.java:1208)
at org.testng.TestNG.runSuites(TestNG.java:1112)
at org.testng.TestNG.run(TestNG.java:1079)
at org.testng.remote.AbstractRemoteTestNG.run(AbstractRemoteTestNG.java:115)
at org.testng.remote.RemoteTestNG.initAndRun(RemoteTestNG.java:293)
at org.testng.remote.RemoteTestNG.main(RemoteTestNG.java:91)
]]>
    </error>
  </testcase> <!-- registration -->
</testsuite> <!-- leaforg_automation.Registration -->
