<?xml version="1.0" encoding="UTF-8"?>
<!-- Generated by org.testng.reporters.JUnitReportReporter -->
<testsuite hostname="nazmusnafis" failures="0" tests="1" name="leaforg_automation.LogIn" time="19.900" errors="0" timestamp="2025-06-24T16:17:15 CEST" skipped="0">
  <testcase classname="leaforg_automation.LogIn" name="AppiumTest" time="19.900"/>
</testsuite> <!-- leaforg_automation.LogIn -->
