<?xml version="1.0" encoding="UTF-8"?>
<!-- Generated by org.testng.reporters.JUnitReportReporter -->
<testsuite hostname="nazmusnafis" failures="0" tests="1" name="leaforg_automation.UpdateUserProfile" time="27.380" errors="0" timestamp="2025-06-22T18:31:41 CEST" skipped="0">
  <testcase classname="leaforg_automation.UpdateUserProfile" name="updateUserProfile" time="27.380"/>
</testsuite> <!-- leaforg_automation.UpdateUserProfile -->
